
[INFO] 2024-03-12 20:23:27: serving '/dashboard'
		Uri: http://127.0.0.1/dashboard
		Request-Method: 'GET'
		Controller: 'App\Controllers\IndexController'
		Controller-Method: 'dashboard'
		File: file:///C:\xampp\htdocs\school\exam-2015-suppl\app\controllers\IndexController.php

[INFO] 2024-03-12 20:23:31: serving '/auth?login'
		Uri: http://127.0.0.1/auth?login
		Request-Method: 'GET'
		Controller: 'App\Controllers\IndexController'
		Controller-Method: 'auth'
		File: file:///C:\xampp\htdocs\school\exam-2015-suppl\app\controllers\IndexController.php
		Get-Params-Count 1

[INFO] 2024-03-12 20:23:39: serving '/auth/login'
		Uri: http://127.0.0.1/auth/login
		Request-Method: 'POST'
		Controller: 'App\Controllers\auth\AuthController'
		Controller-Method: 'login'
		File: file:///C:\xampp\htdocs\school\exam-2015-suppl\app\controllers\auth\AuthController.php
		Post-Params-Count 3
[INFO] 2024-03-12 20:23:39: logged in Regular user: akemi@homura.com with id: 2
[DEBUG] 2024-03-12 20:23:39: redirect
		Header: 'HX-Redirect:'
		Url: 'http://127.0.0.1/dashboard'

[INFO] 2024-03-12 20:23:39: serving '/dashboard'
		Uri: http://127.0.0.1/dashboard
		Request-Method: 'GET'
		Controller: 'App\Controllers\IndexController'
		Controller-Method: 'dashboard'
		File: file:///C:\xampp\htdocs\school\exam-2015-suppl\app\controllers\IndexController.php

[INFO] 2024-03-12 20:23:42: serving '/useredit'
		Uri: http://127.0.0.1/useredit
		Request-Method: 'GET'
		Controller: 'App\Controllers\IndexController'
		Controller-Method: 'useredit_get'
		File: file:///C:\xampp\htdocs\school\exam-2015-suppl\app\controllers\IndexController.php

[INFO] 2024-03-12 20:23:44: serving '/useredit'
		Uri: http://127.0.0.1/useredit
		Request-Method: 'POST'
		Controller: 'App\Controllers\IndexController'
		Controller-Method: 'useredit_post'
		File: file:///C:\xampp\htdocs\school\exam-2015-suppl\app\controllers\IndexController.php
[DEBUG] 2024-03-12 20:23:44: Array
(
)


[INFO] 2024-03-12 20:26:19: serving '/useredit'
		Uri: http://127.0.0.1/useredit
		Request-Method: 'POST'
		Controller: 'App\Controllers\IndexController'
		Controller-Method: 'useredit_post'
		File: file:///C:\xampp\htdocs\school\exam-2015-suppl\app\controllers\IndexController.php
[DEBUG] 2024-03-12 20:26:19: Array
(
)


[INFO] 2024-03-12 20:26:40: serving '/useredit'
		Uri: http://127.0.0.1/useredit
		Request-Method: 'GET'
		Controller: 'App\Controllers\IndexController'
		Controller-Method: 'useredit_get'
		File: file:///C:\xampp\htdocs\school\exam-2015-suppl\app\controllers\IndexController.php

[INFO] 2024-03-12 20:26:43: serving '/useredit'
		Uri: http://127.0.0.1/useredit
		Request-Method: 'POST'
		Controller: 'App\Controllers\IndexController'
		Controller-Method: 'useredit_post'
		File: file:///C:\xampp\htdocs\school\exam-2015-suppl\app\controllers\IndexController.php
		Post-Params-Count 1
[DEBUG] 2024-03-12 20:26:43: Array
(
    [first-name] => Homura
)


[INFO] 2024-03-12 20:27:24: serving '/useredit'
		Uri: http://127.0.0.1/useredit
		Request-Method: 'GET'
		Controller: 'App\Controllers\IndexController'
		Controller-Method: 'useredit_get'
		File: file:///C:\xampp\htdocs\school\exam-2015-suppl\app\controllers\IndexController.php

[INFO] 2024-03-12 20:27:26: serving '/useredit'
		Uri: http://127.0.0.1/useredit
		Request-Method: 'POST'
		Controller: 'App\Controllers\IndexController'
		Controller-Method: 'useredit_post'
		File: file:///C:\xampp\htdocs\school\exam-2015-suppl\app\controllers\IndexController.php
		Post-Params-Count 6
[DEBUG] 2024-03-12 20:27:26: Array
(
    [first-name] => Homura
    [last-name] => Akemi
    [email] => akemi@homura.com
    [current-password] => 
    [new-password] => 
    [new-password-conf] => 
)


[INFO] 2024-03-12 20:27:47: serving '/useredit'
		Uri: http://127.0.0.1/useredit
		Request-Method: 'GET'
		Controller: 'App\Controllers\IndexController'
		Controller-Method: 'useredit_get'
		File: file:///C:\xampp\htdocs\school\exam-2015-suppl\app\controllers\IndexController.php

[INFO] 2024-03-12 20:27:48: serving '/useredit'
		Uri: http://127.0.0.1/useredit
		Request-Method: 'POST'
		Controller: 'App\Controllers\IndexController'
		Controller-Method: 'useredit_post'
		File: file:///C:\xampp\htdocs\school\exam-2015-suppl\app\controllers\IndexController.php
		Post-Params-Count 6
[DEBUG] 2024-03-12 20:27:48: Array
(
    [first-name] => Homura
    [last-name] => Akemi
    [email] => akemi@homura.com
    [current-password] => 
    [new-password] => 
    [new-password-conf] => 
)


[INFO] 2024-03-12 20:27:54: serving '/useredit'
		Uri: http://127.0.0.1/useredit
		Request-Method: 'POST'
		Controller: 'App\Controllers\IndexController'
		Controller-Method: 'useredit_post'
		File: file:///C:\xampp\htdocs\school\exam-2015-suppl\app\controllers\IndexController.php
		Post-Params-Count 6
[DEBUG] 2024-03-12 20:27:54: Array
(
    [first-name] => Homura
    [last-name] => Akemi
    [email] => akemi@homura.com
    [current-password] => 
    [new-password] => 
    [new-password-conf] => 
)


[INFO] 2024-03-12 20:27:55: serving '/useredit'
		Uri: http://127.0.0.1/useredit
		Request-Method: 'POST'
		Controller: 'App\Controllers\IndexController'
		Controller-Method: 'useredit_post'
		File: file:///C:\xampp\htdocs\school\exam-2015-suppl\app\controllers\IndexController.php
		Post-Params-Count 6
[DEBUG] 2024-03-12 20:27:55: Array
(
    [first-name] => Homura
    [last-name] => Akemi
    [email] => akemi@homura.com
    [current-password] => 
    [new-password] => 
    [new-password-conf] => 
)


[INFO] 2024-03-12 20:29:16: serving '/useredit'
		Uri: http://127.0.0.1/useredit
		Request-Method: 'POST'
		Controller: 'App\Controllers\IndexController'
		Controller-Method: 'useredit_post'
		File: file:///C:\xampp\htdocs\school\exam-2015-suppl\app\controllers\IndexController.php
		Post-Params-Count 6

[INFO] 2024-03-12 20:29:24: serving '/useredit'
		Uri: http://127.0.0.1/useredit
		Request-Method: 'POST'
		Controller: 'App\Controllers\IndexController'
		Controller-Method: 'useredit_post'
		File: file:///C:\xampp\htdocs\school\exam-2015-suppl\app\controllers\IndexController.php
		Post-Params-Count 6

[INFO] 2024-03-12 20:29:28: serving '/useredit'
		Uri: http://127.0.0.1/useredit
		Request-Method: 'POST'
		Controller: 'App\Controllers\IndexController'
		Controller-Method: 'useredit_post'
		File: file:///C:\xampp\htdocs\school\exam-2015-suppl\app\controllers\IndexController.php
		Post-Params-Count 6

[INFO] 2024-03-12 20:29:29: serving '/useredit'
		Uri: http://127.0.0.1/useredit
		Request-Method: 'POST'
		Controller: 'App\Controllers\IndexController'
		Controller-Method: 'useredit_post'
		File: file:///C:\xampp\htdocs\school\exam-2015-suppl\app\controllers\IndexController.php
		Post-Params-Count 6

[INFO] 2024-03-12 20:29:32: serving '/useredit'
		Uri: http://127.0.0.1/useredit
		Request-Method: 'GET'
		Controller: 'App\Controllers\IndexController'
		Controller-Method: 'useredit_get'
		File: file:///C:\xampp\htdocs\school\exam-2015-suppl\app\controllers\IndexController.php

[INFO] 2024-03-12 20:29:34: serving '/useredit'
		Uri: http://127.0.0.1/useredit
		Request-Method: 'POST'
		Controller: 'App\Controllers\IndexController'
		Controller-Method: 'useredit_post'
		File: file:///C:\xampp\htdocs\school\exam-2015-suppl\app\controllers\IndexController.php
		Post-Params-Count 6

[INFO] 2024-03-12 20:41:34: serving '/useredit'
		Uri: http://127.0.0.1/useredit
		Request-Method: 'POST'
		Controller: 'App\Controllers\IndexController'
		Controller-Method: 'useredit_post'
		File: file:///C:\xampp\htdocs\school\exam-2015-suppl\app\controllers\IndexController.php
		Post-Params-Count 6

[INFO] 2024-03-12 20:41:36: serving '/useredit'
		Uri: http://127.0.0.1/useredit
		Request-Method: 'POST'
		Controller: 'App\Controllers\IndexController'
		Controller-Method: 'useredit_post'
		File: file:///C:\xampp\htdocs\school\exam-2015-suppl\app\controllers\IndexController.php
		Post-Params-Count 6

[INFO] 2024-03-12 20:41:41: serving '/useredit'
		Uri: http://127.0.0.1/useredit
		Request-Method: 'POST'
		Controller: 'App\Controllers\IndexController'
		Controller-Method: 'useredit_post'
		File: file:///C:\xampp\htdocs\school\exam-2015-suppl\app\controllers\IndexController.php
		Post-Params-Count 6

[INFO] 2024-03-12 20:41:44: serving '/useredit'
		Uri: http://127.0.0.1/useredit
		Request-Method: 'POST'
		Controller: 'App\Controllers\IndexController'
		Controller-Method: 'useredit_post'
		File: file:///C:\xampp\htdocs\school\exam-2015-suppl\app\controllers\IndexController.php
		Post-Params-Count 6

[INFO] 2024-03-12 20:41:45: serving '/useredit'
		Uri: http://127.0.0.1/useredit
		Request-Method: 'POST'
		Controller: 'App\Controllers\IndexController'
		Controller-Method: 'useredit_post'
		File: file:///C:\xampp\htdocs\school\exam-2015-suppl\app\controllers\IndexController.php
		Post-Params-Count 6

[INFO] 2024-03-12 20:41:46: serving '/useredit'
		Uri: http://127.0.0.1/useredit
		Request-Method: 'POST'
		Controller: 'App\Controllers\IndexController'
		Controller-Method: 'useredit_post'
		File: file:///C:\xampp\htdocs\school\exam-2015-suppl\app\controllers\IndexController.php
		Post-Params-Count 6

[INFO] 2024-03-12 20:42:06: serving '/useredit'
		Uri: http://127.0.0.1/useredit
		Request-Method: 'POST'
		Controller: 'App\Controllers\IndexController'
		Controller-Method: 'useredit_post'
		File: file:///C:\xampp\htdocs\school\exam-2015-suppl\app\controllers\IndexController.php
		Post-Params-Count 6

[INFO] 2024-03-12 20:42:27: serving '/useredit'
		Uri: http://127.0.0.1/useredit
		Request-Method: 'POST'
		Controller: 'App\Controllers\IndexController'
		Controller-Method: 'useredit_post'
		File: file:///C:\xampp\htdocs\school\exam-2015-suppl\app\controllers\IndexController.php
		Post-Params-Count 6

[INFO] 2024-03-12 20:42:33: serving '/useredit'
		Uri: http://127.0.0.1/useredit
		Request-Method: 'POST'
		Controller: 'App\Controllers\IndexController'
		Controller-Method: 'useredit_post'
		File: file:///C:\xampp\htdocs\school\exam-2015-suppl\app\controllers\IndexController.php
		Post-Params-Count 6

[INFO] 2024-03-12 20:42:34: serving '/useredit'
		Uri: http://127.0.0.1/useredit
		Request-Method: 'POST'
		Controller: 'App\Controllers\IndexController'
		Controller-Method: 'useredit_post'
		File: file:///C:\xampp\htdocs\school\exam-2015-suppl\app\controllers\IndexController.php
		Post-Params-Count 6

[INFO] 2024-03-12 20:42:40: serving '/useredit'
		Uri: http://127.0.0.1/useredit
		Request-Method: 'POST'
		Controller: 'App\Controllers\IndexController'
		Controller-Method: 'useredit_post'
		File: file:///C:\xampp\htdocs\school\exam-2015-suppl\app\controllers\IndexController.php
		Post-Params-Count 6

[INFO] 2024-03-12 20:42:42: serving '/useredit'
		Uri: http://127.0.0.1/useredit
		Request-Method: 'POST'
		Controller: 'App\Controllers\IndexController'
		Controller-Method: 'useredit_post'
		File: file:///C:\xampp\htdocs\school\exam-2015-suppl\app\controllers\IndexController.php
		Post-Params-Count 6

[INFO] 2024-03-12 20:42:42: serving '/useredit'
		Uri: http://127.0.0.1/useredit
		Request-Method: 'POST'
		Controller: 'App\Controllers\IndexController'
		Controller-Method: 'useredit_post'
		File: file:///C:\xampp\htdocs\school\exam-2015-suppl\app\controllers\IndexController.php
		Post-Params-Count 6

[INFO] 2024-03-12 20:42:43: serving '/useredit'
		Uri: http://127.0.0.1/useredit
		Request-Method: 'POST'
		Controller: 'App\Controllers\IndexController'
		Controller-Method: 'useredit_post'
		File: file:///C:\xampp\htdocs\school\exam-2015-suppl\app\controllers\IndexController.php
		Post-Params-Count 6

[INFO] 2024-03-12 20:42:43: serving '/useredit'
		Uri: http://127.0.0.1/useredit
		Request-Method: 'POST'
		Controller: 'App\Controllers\IndexController'
		Controller-Method: 'useredit_post'
		File: file:///C:\xampp\htdocs\school\exam-2015-suppl\app\controllers\IndexController.php
		Post-Params-Count 6

[INFO] 2024-03-12 20:42:43: serving '/useredit'
		Uri: http://127.0.0.1/useredit
		Request-Method: 'POST'
		Controller: 'App\Controllers\IndexController'
		Controller-Method: 'useredit_post'
		File: file:///C:\xampp\htdocs\school\exam-2015-suppl\app\controllers\IndexController.php
		Post-Params-Count 6

[INFO] 2024-03-12 20:42:43: serving '/useredit'
		Uri: http://127.0.0.1/useredit
		Request-Method: 'POST'
		Controller: 'App\Controllers\IndexController'
		Controller-Method: 'useredit_post'
		File: file:///C:\xampp\htdocs\school\exam-2015-suppl\app\controllers\IndexController.php
		Post-Params-Count 6

[INFO] 2024-03-12 20:42:43: serving '/useredit'
		Uri: http://127.0.0.1/useredit
		Request-Method: 'POST'
		Controller: 'App\Controllers\IndexController'
		Controller-Method: 'useredit_post'
		File: file:///C:\xampp\htdocs\school\exam-2015-suppl\app\controllers\IndexController.php
		Post-Params-Count 6

[INFO] 2024-03-12 20:42:43: serving '/useredit'
		Uri: http://127.0.0.1/useredit
		Request-Method: 'POST'
		Controller: 'App\Controllers\IndexController'
		Controller-Method: 'useredit_post'
		File: file:///C:\xampp\htdocs\school\exam-2015-suppl\app\controllers\IndexController.php
		Post-Params-Count 6

[INFO] 2024-03-12 20:42:56: serving '/useredit'
		Uri: http://127.0.0.1/useredit
		Request-Method: 'POST'
		Controller: 'App\Controllers\IndexController'
		Controller-Method: 'useredit_post'
		File: file:///C:\xampp\htdocs\school\exam-2015-suppl\app\controllers\IndexController.php
		Post-Params-Count 6

[INFO] 2024-03-12 20:43:16: serving '/useredit'
		Uri: http://127.0.0.1/useredit
		Request-Method: 'POST'
		Controller: 'App\Controllers\IndexController'
		Controller-Method: 'useredit_post'
		File: file:///C:\xampp\htdocs\school\exam-2015-suppl\app\controllers\IndexController.php
		Post-Params-Count 6
[DEBUG] 2024-03-12 20:43:16: Array
(
    [USR_Id] => 2
    [USR_FirstName] => Homura
    [USR_LastName] => Akemi
    [USR_Email] => akemi@homura.com
    [USR_Password] => c27df167ce85baad419f05745d023533
)


[INFO] 2024-03-12 20:43:49: serving '/useredit'
		Uri: http://127.0.0.1/useredit
		Request-Method: 'POST'
		Controller: 'App\Controllers\IndexController'
		Controller-Method: 'useredit_post'
		File: file:///C:\xampp\htdocs\school\exam-2015-suppl\app\controllers\IndexController.php
		Post-Params-Count 6
[DEBUG] 2024-03-12 20:43:49: 1

[INFO] 2024-03-12 20:43:57: serving '/useredit'
		Uri: http://127.0.0.1/useredit
		Request-Method: 'POST'
		Controller: 'App\Controllers\IndexController'
		Controller-Method: 'useredit_post'
		File: file:///C:\xampp\htdocs\school\exam-2015-suppl\app\controllers\IndexController.php
		Post-Params-Count 6
[DEBUG] 2024-03-12 20:43:57: 2

[INFO] 2024-03-12 20:44:13: serving '/useredit'
		Uri: http://127.0.0.1/useredit
		Request-Method: 'POST'
		Controller: 'App\Controllers\IndexController'
		Controller-Method: 'useredit_post'
		File: file:///C:\xampp\htdocs\school\exam-2015-suppl\app\controllers\IndexController.php
		Post-Params-Count 6
[DEBUG] 2024-03-12 20:44:13: 2

[INFO] 2024-03-12 20:44:21: serving '/useredit'
		Uri: http://127.0.0.1/useredit
		Request-Method: 'POST'
		Controller: 'App\Controllers\IndexController'
		Controller-Method: 'useredit_post'
		File: file:///C:\xampp\htdocs\school\exam-2015-suppl\app\controllers\IndexController.php
		Post-Params-Count 6
[DEBUG] 2024-03-12 20:44:21: 2

[INFO] 2024-03-12 20:44:34: serving '/useredit'
		Uri: http://127.0.0.1/useredit
		Request-Method: 'POST'
		Controller: 'App\Controllers\IndexController'
		Controller-Method: 'useredit_post'
		File: file:///C:\xampp\htdocs\school\exam-2015-suppl\app\controllers\IndexController.php
		Post-Params-Count 6

[INFO] 2024-03-12 20:44:55: serving '/useredit'
		Uri: http://127.0.0.1/useredit
		Request-Method: 'GET'
		Controller: 'App\Controllers\IndexController'
		Controller-Method: 'useredit_get'
		File: file:///C:\xampp\htdocs\school\exam-2015-suppl\app\controllers\IndexController.php

[INFO] 2024-03-12 20:44:59: serving '/useredit'
		Uri: http://127.0.0.1/useredit
		Request-Method: 'POST'
		Controller: 'App\Controllers\IndexController'
		Controller-Method: 'useredit_post'
		File: file:///C:\xampp\htdocs\school\exam-2015-suppl\app\controllers\IndexController.php
		Post-Params-Count 6

[INFO] 2024-03-12 20:45:08: serving '/useredit'
		Uri: http://127.0.0.1/useredit
		Request-Method: 'POST'
		Controller: 'App\Controllers\IndexController'
		Controller-Method: 'useredit_post'
		File: file:///C:\xampp\htdocs\school\exam-2015-suppl\app\controllers\IndexController.php
		Post-Params-Count 6

[INFO] 2024-03-12 20:45:22: serving '/useredit'
		Uri: http://127.0.0.1/useredit
		Request-Method: 'POST'
		Controller: 'App\Controllers\IndexController'
		Controller-Method: 'useredit_post'
		File: file:///C:\xampp\htdocs\school\exam-2015-suppl\app\controllers\IndexController.php
		Post-Params-Count 6

[INFO] 2024-03-12 20:45:52: serving '/useredit'
		Uri: http://127.0.0.1/useredit
		Request-Method: 'POST'
		Controller: 'App\Controllers\IndexController'
		Controller-Method: 'useredit_post'
		File: file:///C:\xampp\htdocs\school\exam-2015-suppl\app\controllers\IndexController.php
		Post-Params-Count 6

[INFO] 2024-03-12 20:46:22: serving '/useredit'
		Uri: http://127.0.0.1/useredit
		Request-Method: 'GET'
		Controller: 'App\Controllers\IndexController'
		Controller-Method: 'useredit_get'
		File: file:///C:\xampp\htdocs\school\exam-2015-suppl\app\controllers\IndexController.php

[INFO] 2024-03-12 20:46:27: serving '/useredit'
		Uri: http://127.0.0.1/useredit
		Request-Method: 'POST'
		Controller: 'App\Controllers\IndexController'
		Controller-Method: 'useredit_post'
		File: file:///C:\xampp\htdocs\school\exam-2015-suppl\app\controllers\IndexController.php
		Post-Params-Count 6

[INFO] 2024-03-12 20:46:59: serving '/useredit'
		Uri: http://127.0.0.1/useredit
		Request-Method: 'POST'
		Controller: 'App\Controllers\IndexController'
		Controller-Method: 'useredit_post'
		File: file:///C:\xampp\htdocs\school\exam-2015-suppl\app\controllers\IndexController.php
		Post-Params-Count 6

[INFO] 2024-03-12 20:47:01: serving '/useredit'
		Uri: http://127.0.0.1/useredit
		Request-Method: 'POST'
		Controller: 'App\Controllers\IndexController'
		Controller-Method: 'useredit_post'
		File: file:///C:\xampp\htdocs\school\exam-2015-suppl\app\controllers\IndexController.php
		Post-Params-Count 6

[INFO] 2024-03-12 20:48:06: serving '/useredit'
		Uri: http://127.0.0.1/useredit
		Request-Method: 'POST'
		Controller: 'App\Controllers\IndexController'
		Controller-Method: 'useredit_post'
		File: file:///C:\xampp\htdocs\school\exam-2015-suppl\app\controllers\IndexController.php
		Post-Params-Count 6
[DEBUG] 2024-03-12 20:48:06:  -> d41d8cd98f00b204e9800998ecf8427e -- 1

[INFO] 2024-03-12 20:48:39: serving '/useredit'
		Uri: http://127.0.0.1/useredit
		Request-Method: 'POST'
		Controller: 'App\Controllers\IndexController'
		Controller-Method: 'useredit_post'
		File: file:///C:\xampp\htdocs\school\exam-2015-suppl\app\controllers\IndexController.php
		Post-Params-Count 6

[INFO] 2024-03-12 20:49:02: serving '/useredit'
		Uri: http://127.0.0.1/useredit
		Request-Method: 'POST'
		Controller: 'App\Controllers\IndexController'
		Controller-Method: 'useredit_post'
		File: file:///C:\xampp\htdocs\school\exam-2015-suppl\app\controllers\IndexController.php
		Post-Params-Count 6

[INFO] 2024-03-12 20:49:05: serving '/useredit'
		Uri: http://127.0.0.1/useredit
		Request-Method: 'GET'
		Controller: 'App\Controllers\IndexController'
		Controller-Method: 'useredit_get'
		File: file:///C:\xampp\htdocs\school\exam-2015-suppl\app\controllers\IndexController.php

[INFO] 2024-03-12 20:49:14: serving '/useredit'
		Uri: http://127.0.0.1/useredit
		Request-Method: 'POST'
		Controller: 'App\Controllers\IndexController'
		Controller-Method: 'useredit_post'
		File: file:///C:\xampp\htdocs\school\exam-2015-suppl\app\controllers\IndexController.php
		Post-Params-Count 6

[INFO] 2024-03-12 20:50:26: serving '/useredit'
		Uri: http://127.0.0.1/useredit
		Request-Method: 'GET'
		Controller: 'App\Controllers\IndexController'
		Controller-Method: 'useredit_get'
		File: file:///C:\xampp\htdocs\school\exam-2015-suppl\app\controllers\IndexController.php

[INFO] 2024-03-12 20:51:01: serving '/useredit'
		Uri: http://127.0.0.1/useredit
		Request-Method: 'POST'
		Controller: 'App\Controllers\IndexController'
		Controller-Method: 'useredit_post'
		File: file:///C:\xampp\htdocs\school\exam-2015-suppl\app\controllers\IndexController.php
		Post-Params-Count 6

[INFO] 2024-03-12 20:51:03: serving '/useredit'
		Uri: http://127.0.0.1/useredit
		Request-Method: 'GET'
		Controller: 'App\Controllers\IndexController'
		Controller-Method: 'useredit_get'
		File: file:///C:\xampp\htdocs\school\exam-2015-suppl\app\controllers\IndexController.php

[INFO] 2024-03-12 20:51:04: serving '/useredit'
		Uri: http://127.0.0.1/useredit
		Request-Method: 'POST'
		Controller: 'App\Controllers\IndexController'
		Controller-Method: 'useredit_post'
		File: file:///C:\xampp\htdocs\school\exam-2015-suppl\app\controllers\IndexController.php
		Post-Params-Count 6

[INFO] 2024-03-12 20:51:19: serving '/useredit'
		Uri: http://127.0.0.1/useredit
		Request-Method: 'GET'
		Controller: 'App\Controllers\IndexController'
		Controller-Method: 'useredit_get'
		File: file:///C:\xampp\htdocs\school\exam-2015-suppl\app\controllers\IndexController.php

[INFO] 2024-03-12 20:51:20: serving '/useredit'
		Uri: http://127.0.0.1/useredit
		Request-Method: 'POST'
		Controller: 'App\Controllers\IndexController'
		Controller-Method: 'useredit_post'
		File: file:///C:\xampp\htdocs\school\exam-2015-suppl\app\controllers\IndexController.php
		Post-Params-Count 6

[INFO] 2024-03-12 20:51:26: serving '/useredit'
		Uri: http://127.0.0.1/useredit
		Request-Method: 'GET'
		Controller: 'App\Controllers\IndexController'
		Controller-Method: 'useredit_get'
		File: file:///C:\xampp\htdocs\school\exam-2015-suppl\app\controllers\IndexController.php

[INFO] 2024-03-12 20:51:27: serving '/useredit'
		Uri: http://127.0.0.1/useredit
		Request-Method: 'POST'
		Controller: 'App\Controllers\IndexController'
		Controller-Method: 'useredit_post'
		File: file:///C:\xampp\htdocs\school\exam-2015-suppl\app\controllers\IndexController.php
		Post-Params-Count 6

[INFO] 2024-03-12 20:51:29: serving '/useredit'
		Uri: http://127.0.0.1/useredit
		Request-Method: 'GET'
		Controller: 'App\Controllers\IndexController'
		Controller-Method: 'useredit_get'
		File: file:///C:\xampp\htdocs\school\exam-2015-suppl\app\controllers\IndexController.php

[INFO] 2024-03-12 20:51:31: serving '/useredit'
		Uri: http://127.0.0.1/useredit
		Request-Method: 'GET'
		Controller: 'App\Controllers\IndexController'
		Controller-Method: 'useredit_get'
		File: file:///C:\xampp\htdocs\school\exam-2015-suppl\app\controllers\IndexController.php

[INFO] 2024-03-12 20:51:33: serving '/useredit'
		Uri: http://127.0.0.1/useredit
		Request-Method: 'GET'
		Controller: 'App\Controllers\IndexController'
		Controller-Method: 'useredit_get'
		File: file:///C:\xampp\htdocs\school\exam-2015-suppl\app\controllers\IndexController.php

[INFO] 2024-03-12 20:51:34: serving '/useredit'
		Uri: http://127.0.0.1/useredit
		Request-Method: 'GET'
		Controller: 'App\Controllers\IndexController'
		Controller-Method: 'useredit_get'
		File: file:///C:\xampp\htdocs\school\exam-2015-suppl\app\controllers\IndexController.php

[INFO] 2024-03-12 20:51:35: serving '/useredit'
		Uri: http://127.0.0.1/useredit
		Request-Method: 'POST'
		Controller: 'App\Controllers\IndexController'
		Controller-Method: 'useredit_post'
		File: file:///C:\xampp\htdocs\school\exam-2015-suppl\app\controllers\IndexController.php
		Post-Params-Count 6

[INFO] 2024-03-12 20:51:47: serving '/useredit'
		Uri: http://127.0.0.1/useredit
		Request-Method: 'GET'
		Controller: 'App\Controllers\IndexController'
		Controller-Method: 'useredit_get'
		File: file:///C:\xampp\htdocs\school\exam-2015-suppl\app\controllers\IndexController.php

[INFO] 2024-03-12 20:51:48: serving '/useredit'
		Uri: http://127.0.0.1/useredit
		Request-Method: 'POST'
		Controller: 'App\Controllers\IndexController'
		Controller-Method: 'useredit_post'
		File: file:///C:\xampp\htdocs\school\exam-2015-suppl\app\controllers\IndexController.php
		Post-Params-Count 6

[INFO] 2024-03-12 20:54:02: serving '/useredit'
		Uri: http://127.0.0.1/useredit
		Request-Method: 'POST'
		Controller: 'App\Controllers\IndexController'
		Controller-Method: 'useredit_post'
		File: file:///C:\xampp\htdocs\school\exam-2015-suppl\app\controllers\IndexController.php
		Post-Params-Count 6

[INFO] 2024-03-12 20:54:03: serving '/useredit'
		Uri: http://127.0.0.1/useredit
		Request-Method: 'GET'
		Controller: 'App\Controllers\IndexController'
		Controller-Method: 'useredit_get'
		File: file:///C:\xampp\htdocs\school\exam-2015-suppl\app\controllers\IndexController.php

[INFO] 2024-03-12 20:54:04: serving '/useredit'
		Uri: http://127.0.0.1/useredit
		Request-Method: 'POST'
		Controller: 'App\Controllers\IndexController'
		Controller-Method: 'useredit_post'
		File: file:///C:\xampp\htdocs\school\exam-2015-suppl\app\controllers\IndexController.php
		Post-Params-Count 6

[INFO] 2024-03-12 20:54:09: serving '/useredit'
		Uri: http://127.0.0.1/useredit
		Request-Method: 'POST'
		Controller: 'App\Controllers\IndexController'
		Controller-Method: 'useredit_post'
		File: file:///C:\xampp\htdocs\school\exam-2015-suppl\app\controllers\IndexController.php
		Post-Params-Count 6

[INFO] 2024-03-12 20:54:14: serving '/useredit'
		Uri: http://127.0.0.1/useredit
		Request-Method: 'POST'
		Controller: 'App\Controllers\IndexController'
		Controller-Method: 'useredit_post'
		File: file:///C:\xampp\htdocs\school\exam-2015-suppl\app\controllers\IndexController.php
		Post-Params-Count 6

[INFO] 2024-03-12 20:54:15: serving '/useredit'
		Uri: http://127.0.0.1/useredit
		Request-Method: 'POST'
		Controller: 'App\Controllers\IndexController'
		Controller-Method: 'useredit_post'
		File: file:///C:\xampp\htdocs\school\exam-2015-suppl\app\controllers\IndexController.php
		Post-Params-Count 6

[INFO] 2024-03-12 20:54:15: serving '/useredit'
		Uri: http://127.0.0.1/useredit
		Request-Method: 'POST'
		Controller: 'App\Controllers\IndexController'
		Controller-Method: 'useredit_post'
		File: file:///C:\xampp\htdocs\school\exam-2015-suppl\app\controllers\IndexController.php
		Post-Params-Count 6

[INFO] 2024-03-12 20:54:19: serving '/useredit'
		Uri: http://127.0.0.1/useredit
		Request-Method: 'POST'
		Controller: 'App\Controllers\IndexController'
		Controller-Method: 'useredit_post'
		File: file:///C:\xampp\htdocs\school\exam-2015-suppl\app\controllers\IndexController.php
		Post-Params-Count 6

[INFO] 2024-03-12 20:54:19: serving '/useredit'
		Uri: http://127.0.0.1/useredit
		Request-Method: 'POST'
		Controller: 'App\Controllers\IndexController'
		Controller-Method: 'useredit_post'
		File: file:///C:\xampp\htdocs\school\exam-2015-suppl\app\controllers\IndexController.php
		Post-Params-Count 6

[INFO] 2024-03-12 20:54:20: serving '/useredit'
		Uri: http://127.0.0.1/useredit
		Request-Method: 'POST'
		Controller: 'App\Controllers\IndexController'
		Controller-Method: 'useredit_post'
		File: file:///C:\xampp\htdocs\school\exam-2015-suppl\app\controllers\IndexController.php
		Post-Params-Count 6

[INFO] 2024-03-12 20:54:20: serving '/useredit'
		Uri: http://127.0.0.1/useredit
		Request-Method: 'POST'
		Controller: 'App\Controllers\IndexController'
		Controller-Method: 'useredit_post'
		File: file:///C:\xampp\htdocs\school\exam-2015-suppl\app\controllers\IndexController.php
		Post-Params-Count 6

[INFO] 2024-03-12 20:54:24: serving '/useredit'
		Uri: http://127.0.0.1/useredit
		Request-Method: 'POST'
		Controller: 'App\Controllers\IndexController'
		Controller-Method: 'useredit_post'
		File: file:///C:\xampp\htdocs\school\exam-2015-suppl\app\controllers\IndexController.php
		Post-Params-Count 6

[INFO] 2024-03-12 20:54:26: serving '/useredit'
		Uri: http://127.0.0.1/useredit
		Request-Method: 'GET'
		Controller: 'App\Controllers\IndexController'
		Controller-Method: 'useredit_get'
		File: file:///C:\xampp\htdocs\school\exam-2015-suppl\app\controllers\IndexController.php

[INFO] 2024-03-12 20:54:31: serving '/useredit'
		Uri: http://127.0.0.1/useredit
		Request-Method: 'POST'
		Controller: 'App\Controllers\IndexController'
		Controller-Method: 'useredit_post'
		File: file:///C:\xampp\htdocs\school\exam-2015-suppl\app\controllers\IndexController.php
		Post-Params-Count 6

[INFO] 2024-03-12 20:55:12: serving '/useredit'
		Uri: http://127.0.0.1/useredit
		Request-Method: 'POST'
		Controller: 'App\Controllers\IndexController'
		Controller-Method: 'useredit_post'
		File: file:///C:\xampp\htdocs\school\exam-2015-suppl\app\controllers\IndexController.php
		Post-Params-Count 6
[DEBUG] 2024-03-12 20:55:12: 1

[INFO] 2024-03-12 20:55:36: serving '/useredit'
		Uri: http://127.0.0.1/useredit
		Request-Method: 'POST'
		Controller: 'App\Controllers\IndexController'
		Controller-Method: 'useredit_post'
		File: file:///C:\xampp\htdocs\school\exam-2015-suppl\app\controllers\IndexController.php
		Post-Params-Count 6
[DEBUG] 2024-03-12 20:55:36: d41d8cd98f00b204e9800998ecf8427e - c27df167ce85baad419f05745d023533

[INFO] 2024-03-12 20:58:05: serving '/useredit'
		Uri: http://127.0.0.1/useredit
		Request-Method: 'POST'
		Controller: 'App\Controllers\IndexController'
		Controller-Method: 'useredit_post'
		File: file:///C:\xampp\htdocs\school\exam-2015-suppl\app\controllers\IndexController.php
		Post-Params-Count 6
[DEBUG] 2024-03-12 20:58:05: c27df167ce85baad419f05745d023533 - c27df167ce85baad419f05745d023533

[INFO] 2024-03-12 20:58:06: serving '/useredit'
		Uri: http://127.0.0.1/useredit
		Request-Method: 'POST'
		Controller: 'App\Controllers\IndexController'
		Controller-Method: 'useredit_post'
		File: file:///C:\xampp\htdocs\school\exam-2015-suppl\app\controllers\IndexController.php
		Post-Params-Count 6
[DEBUG] 2024-03-12 20:58:06: c27df167ce85baad419f05745d023533 - c27df167ce85baad419f05745d023533

[INFO] 2024-03-12 20:58:09: serving '/useredit'
		Uri: http://127.0.0.1/useredit
		Request-Method: 'POST'
		Controller: 'App\Controllers\IndexController'
		Controller-Method: 'useredit_post'
		File: file:///C:\xampp\htdocs\school\exam-2015-suppl\app\controllers\IndexController.php
		Post-Params-Count 6
[DEBUG] 2024-03-12 20:58:09: c27df167ce85baad419f05745d023533 - c27df167ce85baad419f05745d023533

[INFO] 2024-03-12 20:58:23: serving '/useredit'
		Uri: http://127.0.0.1/useredit
		Request-Method: 'POST'
		Controller: 'App\Controllers\IndexController'
		Controller-Method: 'useredit_post'
		File: file:///C:\xampp\htdocs\school\exam-2015-suppl\app\controllers\IndexController.php
		Post-Params-Count 6
[DEBUG] 2024-03-12 20:58:23: c27df167ce85baad419f05745d023533 - c27df167ce85baad419f05745d023533

[INFO] 2024-03-12 20:58:27: serving '/useredit'
		Uri: http://127.0.0.1/useredit
		Request-Method: 'POST'
		Controller: 'App\Controllers\IndexController'
		Controller-Method: 'useredit_post'
		File: file:///C:\xampp\htdocs\school\exam-2015-suppl\app\controllers\IndexController.php
		Post-Params-Count 6
[DEBUG] 2024-03-12 20:58:27: c27df167ce85baad419f05745d023533 - c27df167ce85baad419f05745d023533

[INFO] 2024-03-12 20:59:35: serving '/useredit'
		Uri: http://127.0.0.1/useredit
		Request-Method: 'GET'
		Controller: 'App\Controllers\IndexController'
		Controller-Method: 'useredit_get'
		File: file:///C:\xampp\htdocs\school\exam-2015-suppl\app\controllers\IndexController.php

[INFO] 2024-03-12 20:59:44: serving '/useredit'
		Uri: http://127.0.0.1/useredit
		Request-Method: 'POST'
		Controller: 'App\Controllers\IndexController'
		Controller-Method: 'useredit_post'
		File: file:///C:\xampp\htdocs\school\exam-2015-suppl\app\controllers\IndexController.php
		Post-Params-Count 6
[DEBUG] 2024-03-12 20:59:44: f9331c3c2ad3e36d1c3a27e458c73653 - f9331c3c2ad3e36d1c3a27e458c73653

[INFO] 2024-03-12 21:04:24: serving '/useredit'
		Uri: http://127.0.0.1/useredit
		Request-Method: 'GET'
		Controller: 'App\Controllers\IndexController'
		Controller-Method: 'useredit_get'
		File: file:///C:\xampp\htdocs\school\exam-2015-suppl\app\controllers\IndexController.php

[INFO] 2024-03-12 21:04:31: serving '/useredit'
		Uri: http://127.0.0.1/useredit
		Request-Method: 'POST'
		Controller: 'App\Controllers\IndexController'
		Controller-Method: 'useredit_post'
		File: file:///C:\xampp\htdocs\school\exam-2015-suppl\app\controllers\IndexController.php
		Post-Params-Count 6
[DEBUG] 2024-03-12 21:04:31: 599486a3e8e0ac085a422a176c19b9e9 - f9331c3c2ad3e36d1c3a27e458c73653

[INFO] 2024-03-12 21:04:33: serving '/useredit'
		Uri: http://127.0.0.1/useredit
		Request-Method: 'POST'
		Controller: 'App\Controllers\IndexController'
		Controller-Method: 'useredit_post'
		File: file:///C:\xampp\htdocs\school\exam-2015-suppl\app\controllers\IndexController.php
		Post-Params-Count 6
[DEBUG] 2024-03-12 21:04:33: 599486a3e8e0ac085a422a176c19b9e9 - 599486a3e8e0ac085a422a176c19b9e9

[INFO] 2024-03-12 21:05:19: serving '/useredit'
		Uri: http://127.0.0.1/useredit
		Request-Method: 'GET'
		Controller: 'App\Controllers\IndexController'
		Controller-Method: 'useredit_get'
		File: file:///C:\xampp\htdocs\school\exam-2015-suppl\app\controllers\IndexController.php

[INFO] 2024-03-12 21:05:26: serving '/useredit'
		Uri: http://127.0.0.1/useredit
		Request-Method: 'POST'
		Controller: 'App\Controllers\IndexController'
		Controller-Method: 'useredit_post'
		File: file:///C:\xampp\htdocs\school\exam-2015-suppl\app\controllers\IndexController.php
		Post-Params-Count 6
[DEBUG] 2024-03-12 21:05:26: 599486a3e8e0ac085a422a176c19b9e9 - 599486a3e8e0ac085a422a176c19b9e9

[INFO] 2024-03-12 21:05:44: serving '/useredit'
		Uri: http://127.0.0.1/useredit
		Request-Method: 'GET'
		Controller: 'App\Controllers\IndexController'
		Controller-Method: 'useredit_get'
		File: file:///C:\xampp\htdocs\school\exam-2015-suppl\app\controllers\IndexController.php

[INFO] 2024-03-12 21:05:51: serving '/useredit'
		Uri: http://127.0.0.1/useredit
		Request-Method: 'POST'
		Controller: 'App\Controllers\IndexController'
		Controller-Method: 'useredit_post'
		File: file:///C:\xampp\htdocs\school\exam-2015-suppl\app\controllers\IndexController.php
		Post-Params-Count 6
[DEBUG] 2024-03-12 21:05:51: 599486a3e8e0ac085a422a176c19b9e9 - f9331c3c2ad3e36d1c3a27e458c73653

[INFO] 2024-03-12 21:05:55: serving '/useredit'
		Uri: http://127.0.0.1/useredit
		Request-Method: 'POST'
		Controller: 'App\Controllers\IndexController'
		Controller-Method: 'useredit_post'
		File: file:///C:\xampp\htdocs\school\exam-2015-suppl\app\controllers\IndexController.php
		Post-Params-Count 6
[DEBUG] 2024-03-12 21:05:55: 599486a3e8e0ac085a422a176c19b9e9 - f9331c3c2ad3e36d1c3a27e458c73653

[INFO] 2024-03-12 21:05:57: serving '/useredit'
		Uri: http://127.0.0.1/useredit
		Request-Method: 'POST'
		Controller: 'App\Controllers\IndexController'
		Controller-Method: 'useredit_post'
		File: file:///C:\xampp\htdocs\school\exam-2015-suppl\app\controllers\IndexController.php
		Post-Params-Count 6
[DEBUG] 2024-03-12 21:05:57: 599486a3e8e0ac085a422a176c19b9e9 - 599486a3e8e0ac085a422a176c19b9e9

[INFO] 2024-03-12 21:06:15: serving '/useredit'
		Uri: http://127.0.0.1/useredit
		Request-Method: 'GET'
		Controller: 'App\Controllers\IndexController'
		Controller-Method: 'useredit_get'
		File: file:///C:\xampp\htdocs\school\exam-2015-suppl\app\controllers\IndexController.php

[INFO] 2024-03-12 21:06:26: serving '/useredit'
		Uri: http://127.0.0.1/useredit
		Request-Method: 'GET'
		Controller: 'App\Controllers\IndexController'
		Controller-Method: 'useredit_get'
		File: file:///C:\xampp\htdocs\school\exam-2015-suppl\app\controllers\IndexController.php

[INFO] 2024-03-12 21:06:34: serving '/useredit'
		Uri: http://127.0.0.1/useredit
		Request-Method: 'GET'
		Controller: 'App\Controllers\IndexController'
		Controller-Method: 'useredit_get'
		File: file:///C:\xampp\htdocs\school\exam-2015-suppl\app\controllers\IndexController.php

[INFO] 2024-03-12 21:07:44: serving '/useredit'
		Uri: http://127.0.0.1/useredit
		Request-Method: 'GET'
		Controller: 'App\Controllers\IndexController'
		Controller-Method: 'useredit_get'
		File: file:///C:\xampp\htdocs\school\exam-2015-suppl\app\controllers\IndexController.php

[INFO] 2024-03-12 21:08:06: serving '/useredit'
		Uri: http://127.0.0.1/useredit
		Request-Method: 'GET'
		Controller: 'App\Controllers\IndexController'
		Controller-Method: 'useredit_get'
		File: file:///C:\xampp\htdocs\school\exam-2015-suppl\app\controllers\IndexController.php

[INFO] 2024-03-12 21:08:16: serving '/useredit'
		Uri: http://127.0.0.1/useredit
		Request-Method: 'GET'
		Controller: 'App\Controllers\IndexController'
		Controller-Method: 'useredit_get'
		File: file:///C:\xampp\htdocs\school\exam-2015-suppl\app\controllers\IndexController.php

[INFO] 2024-03-12 21:10:08: serving '/useredit'
		Uri: http://127.0.0.1/useredit
		Request-Method: 'GET'
		Controller: 'App\Controllers\IndexController'
		Controller-Method: 'useredit_get'
		File: file:///C:\xampp\htdocs\school\exam-2015-suppl\app\controllers\IndexController.php

[INFO] 2024-03-12 21:10:22: serving '/useredit'
		Uri: http://127.0.0.1/useredit
		Request-Method: 'GET'
		Controller: 'App\Controllers\IndexController'
		Controller-Method: 'useredit_get'
		File: file:///C:\xampp\htdocs\school\exam-2015-suppl\app\controllers\IndexController.php

[INFO] 2024-03-12 21:10:23: serving '/useredit'
		Uri: http://127.0.0.1/useredit
		Request-Method: 'POST'
		Controller: 'App\Controllers\IndexController'
		Controller-Method: 'useredit_post'
		File: file:///C:\xampp\htdocs\school\exam-2015-suppl\app\controllers\IndexController.php
		Post-Params-Count 6
[DEBUG] 2024-03-12 21:10:23: 599486a3e8e0ac085a422a176c19b9e9 - d41d8cd98f00b204e9800998ecf8427e

[INFO] 2024-03-12 21:10:30: serving '/useredit'
		Uri: http://127.0.0.1/useredit
		Request-Method: 'POST'
		Controller: 'App\Controllers\IndexController'
		Controller-Method: 'useredit_post'
		File: file:///C:\xampp\htdocs\school\exam-2015-suppl\app\controllers\IndexController.php
		Post-Params-Count 6
[DEBUG] 2024-03-12 21:10:30: 599486a3e8e0ac085a422a176c19b9e9 - 599486a3e8e0ac085a422a176c19b9e9

[INFO] 2024-03-12 21:10:43: serving '/useredit'
		Uri: http://127.0.0.1/useredit
		Request-Method: 'GET'
		Controller: 'App\Controllers\IndexController'
		Controller-Method: 'useredit_get'
		File: file:///C:\xampp\htdocs\school\exam-2015-suppl\app\controllers\IndexController.php

[INFO] 2024-03-12 21:20:03: serving '/useredit'
		Uri: http://127.0.0.1/useredit
		Request-Method: 'GET'
		Controller: 'App\Controllers\IndexController'
		Controller-Method: 'useredit_get'
		File: file:///C:\xampp\htdocs\school\exam-2015-suppl\app\controllers\IndexController.php

[INFO] 2024-03-12 21:20:03: serving '/partials/useredit'
		Uri: http://127.0.0.1/partials/useredit
		Request-Method: 'GET'
		Controller: 'App\Controllers\PartialsController'
		Controller-Method: 'useredit_partial'
		File: file:///C:\xampp\htdocs\school\exam-2015-suppl\app\controllers\PartialsController.php

[INFO] 2024-03-12 21:21:12: serving '/useredit'
		Uri: http://127.0.0.1/useredit
		Request-Method: 'GET'
		Controller: 'App\Controllers\IndexController'
		Controller-Method: 'useredit_get'
		File: file:///C:\xampp\htdocs\school\exam-2015-suppl\app\controllers\IndexController.php

[INFO] 2024-03-12 21:21:13: serving '/partials/useredit'
		Uri: http://127.0.0.1/partials/useredit
		Request-Method: 'GET'
		Controller: 'App\Controllers\PartialsController'
		Controller-Method: 'useredit_partial'
		File: file:///C:\xampp\htdocs\school\exam-2015-suppl\app\controllers\PartialsController.php

[INFO] 2024-03-12 21:21:17: serving '/useredit'
		Uri: http://127.0.0.1/useredit
		Request-Method: 'POST'
		Controller: 'App\Controllers\IndexController'
		Controller-Method: 'useredit_post'
		File: file:///C:\xampp\htdocs\school\exam-2015-suppl\app\controllers\IndexController.php
		Post-Params-Count 6
[DEBUG] 2024-03-12 21:21:17: 599486a3e8e0ac085a422a176c19b9e9 - d41d8cd98f00b204e9800998ecf8427e

[INFO] 2024-03-12 21:22:36: serving '/useredit'
		Uri: http://127.0.0.1/useredit
		Request-Method: 'GET'
		Controller: 'App\Controllers\IndexController'
		Controller-Method: 'useredit_get'
		File: file:///C:\xampp\htdocs\school\exam-2015-suppl\app\controllers\IndexController.php

[INFO] 2024-03-12 21:22:36: serving '/partials/useredit/useredit'
		Uri: http://127.0.0.1/partials/useredit/useredit
		Request-Method: 'GET'
		Controller: 'App\Controllers\PartialsController'
		Controller-Method: 'useredit_partial'
		File: file:///C:\xampp\htdocs\school\exam-2015-suppl\app\controllers\PartialsController.php

[INFO] 2024-03-12 21:22:39: serving '/auth?logout'
		Uri: http://127.0.0.1/auth?logout
		Request-Method: 'GET'
		Controller: 'App\Controllers\IndexController'
		Controller-Method: 'auth'
		File: file:///C:\xampp\htdocs\school\exam-2015-suppl\app\controllers\IndexController.php
		Get-Params-Count 1
[DEBUG] 2024-03-12 21:22:39: redirect
		Header: 'HX-Redirect:'
		Url: 'http://127.0.0.1/'

[INFO] 2024-03-12 21:22:39: serving '/'
		Uri: http://127.0.0.1/
		Request-Method: 'GET'
		Controller: 'App\Controllers\IndexController'
		Controller-Method: 'index'
		File: file:///C:\xampp\htdocs\school\exam-2015-suppl\app\controllers\IndexController.php
[DEBUG] 2024-03-12 21:22:39: redirect
		Header: 'Location:'
		Url: '/dashboard'

[INFO] 2024-03-12 21:22:39: serving '/dashboard'
		Uri: http://127.0.0.1/dashboard
		Request-Method: 'GET'
		Controller: 'App\Controllers\IndexController'
		Controller-Method: 'dashboard'
		File: file:///C:\xampp\htdocs\school\exam-2015-suppl\app\controllers\IndexController.php

[INFO] 2024-03-12 21:22:46: serving '/auth?login'
		Uri: http://127.0.0.1/auth?login
		Request-Method: 'GET'
		Controller: 'App\Controllers\IndexController'
		Controller-Method: 'auth'
		File: file:///C:\xampp\htdocs\school\exam-2015-suppl\app\controllers\IndexController.php
		Get-Params-Count 1

[INFO] 2024-03-12 21:22:48: serving '/auth?register'
		Uri: http://127.0.0.1/auth?register
		Request-Method: 'GET'
		Controller: 'App\Controllers\IndexController'
		Controller-Method: 'auth'
		File: file:///C:\xampp\htdocs\school\exam-2015-suppl\app\controllers\IndexController.php
		Get-Params-Count 1

[INFO] 2024-03-12 21:22:49: serving '/dashboard'
		Uri: http://127.0.0.1/dashboard
		Request-Method: 'GET'
		Controller: 'App\Controllers\IndexController'
		Controller-Method: 'dashboard'
		File: file:///C:\xampp\htdocs\school\exam-2015-suppl\app\controllers\IndexController.php

[INFO] 2024-03-12 21:22:50: serving '/faq'
		Uri: http://127.0.0.1/faq
		Request-Method: 'GET'
		Controller: 'App\Controllers\IndexController'
		Controller-Method: 'faq'
		File: file:///C:\xampp\htdocs\school\exam-2015-suppl\app\controllers\IndexController.php

[INFO] 2024-03-12 21:22:51: serving '/dashboard'
		Uri: http://127.0.0.1/dashboard
		Request-Method: 'GET'
		Controller: 'App\Controllers\IndexController'
		Controller-Method: 'dashboard'
		File: file:///C:\xampp\htdocs\school\exam-2015-suppl\app\controllers\IndexController.php

[INFO] 2024-03-12 21:22:52: serving '/auth?login'
		Uri: http://127.0.0.1/auth?login
		Request-Method: 'GET'
		Controller: 'App\Controllers\IndexController'
		Controller-Method: 'auth'
		File: file:///C:\xampp\htdocs\school\exam-2015-suppl\app\controllers\IndexController.php
		Get-Params-Count 1

[INFO] 2024-03-12 21:22:54: serving '/dashboard'
		Uri: http://127.0.0.1/dashboard
		Request-Method: 'GET'
		Controller: 'App\Controllers\IndexController'
		Controller-Method: 'dashboard'
		File: file:///C:\xampp\htdocs\school\exam-2015-suppl\app\controllers\IndexController.php

[INFO] 2024-03-12 21:22:58: serving '/faq'
		Uri: http://127.0.0.1/faq
		Request-Method: 'GET'
		Controller: 'App\Controllers\IndexController'
		Controller-Method: 'faq'
		File: file:///C:\xampp\htdocs\school\exam-2015-suppl\app\controllers\IndexController.php

[INFO] 2024-03-12 21:23:00: serving '/auth?login'
		Uri: http://127.0.0.1/auth?login
		Request-Method: 'GET'
		Controller: 'App\Controllers\IndexController'
		Controller-Method: 'auth'
		File: file:///C:\xampp\htdocs\school\exam-2015-suppl\app\controllers\IndexController.php
		Get-Params-Count 1

[INFO] 2024-03-12 21:23:01: serving '/auth?register'
		Uri: http://127.0.0.1/auth?register
		Request-Method: 'GET'
		Controller: 'App\Controllers\IndexController'
		Controller-Method: 'auth'
		File: file:///C:\xampp\htdocs\school\exam-2015-suppl\app\controllers\IndexController.php
		Get-Params-Count 1

[INFO] 2024-03-12 21:23:13: serving '/auth?register'
		Uri: http://127.0.0.1/auth?register
		Request-Method: 'GET'
		Controller: 'App\Controllers\IndexController'
		Controller-Method: 'auth'
		File: file:///C:\xampp\htdocs\school\exam-2015-suppl\app\controllers\IndexController.php
		Get-Params-Count 1

[INFO] 2024-03-12 21:23:14: serving '/auth?login'
		Uri: http://127.0.0.1/auth?login
		Request-Method: 'GET'
		Controller: 'App\Controllers\IndexController'
		Controller-Method: 'auth'
		File: file:///C:\xampp\htdocs\school\exam-2015-suppl\app\controllers\IndexController.php
		Get-Params-Count 1

[INFO] 2024-03-12 21:23:16: serving '/partials/register'
		Uri: http://127.0.0.1/partials/register
		Request-Method: 'GET'
		Controller: 'App\Controllers\PartialsController'
		Controller-Method: 'register_partial'
		File: file:///C:\xampp\htdocs\school\exam-2015-suppl\app\controllers\PartialsController.php

[INFO] 2024-03-12 21:23:16: serving '/partials/login'
		Uri: http://127.0.0.1/partials/login
		Request-Method: 'GET'
		Controller: 'App\Controllers\PartialsController'
		Controller-Method: 'login_partial'
		File: file:///C:\xampp\htdocs\school\exam-2015-suppl\app\controllers\PartialsController.php

[INFO] 2024-03-12 21:23:17: serving '/partials/register'
		Uri: http://127.0.0.1/partials/register
		Request-Method: 'GET'
		Controller: 'App\Controllers\PartialsController'
		Controller-Method: 'register_partial'
		File: file:///C:\xampp\htdocs\school\exam-2015-suppl\app\controllers\PartialsController.php

[INFO] 2024-03-12 21:23:18: serving '/partials/login'
		Uri: http://127.0.0.1/partials/login
		Request-Method: 'GET'
		Controller: 'App\Controllers\PartialsController'
		Controller-Method: 'login_partial'
		File: file:///C:\xampp\htdocs\school\exam-2015-suppl\app\controllers\PartialsController.php

[INFO] 2024-03-12 21:23:18: serving '/partials/register'
		Uri: http://127.0.0.1/partials/register
		Request-Method: 'GET'
		Controller: 'App\Controllers\PartialsController'
		Controller-Method: 'register_partial'
		File: file:///C:\xampp\htdocs\school\exam-2015-suppl\app\controllers\PartialsController.php

[INFO] 2024-03-12 21:23:19: serving '/partials/login'
		Uri: http://127.0.0.1/partials/login
		Request-Method: 'GET'
		Controller: 'App\Controllers\PartialsController'
		Controller-Method: 'login_partial'
		File: file:///C:\xampp\htdocs\school\exam-2015-suppl\app\controllers\PartialsController.php

[INFO] 2024-03-12 21:23:19: serving '/partials/register'
		Uri: http://127.0.0.1/partials/register
		Request-Method: 'GET'
		Controller: 'App\Controllers\PartialsController'
		Controller-Method: 'register_partial'
		File: file:///C:\xampp\htdocs\school\exam-2015-suppl\app\controllers\PartialsController.php

[INFO] 2024-03-12 21:26:11: serving '/auth?login'
		Uri: http://127.0.0.1/auth?login
		Request-Method: 'GET'
		Controller: 'App\Controllers\IndexController'
		Controller-Method: 'auth'
		File: file:///C:\xampp\htdocs\school\exam-2015-suppl\app\controllers\IndexController.php
		Get-Params-Count 1

[INFO] 2024-03-12 21:26:18: serving '/auth/login'
		Uri: http://127.0.0.1/auth/login
		Request-Method: 'POST'
		Controller: 'App\Controllers\auth\AuthController'
		Controller-Method: 'login'
		File: file:///C:\xampp\htdocs\school\exam-2015-suppl\app\controllers\auth\AuthController.php
		Post-Params-Count 2
[INFO] 2024-03-12 21:26:18: logged in Regular user: akemi@homura.com with id: 2
[DEBUG] 2024-03-12 21:26:18: redirect
		Header: 'HX-Redirect:'
		Url: 'http://127.0.0.1/dashboard'

[INFO] 2024-03-12 21:26:18: serving '/dashboard'
		Uri: http://127.0.0.1/dashboard
		Request-Method: 'GET'
		Controller: 'App\Controllers\IndexController'
		Controller-Method: 'dashboard'
		File: file:///C:\xampp\htdocs\school\exam-2015-suppl\app\controllers\IndexController.php

[INFO] 2024-03-12 21:26:20: serving '/useredit'
		Uri: http://127.0.0.1/useredit
		Request-Method: 'GET'
		Controller: 'App\Controllers\IndexController'
		Controller-Method: 'useredit_get'
		File: file:///C:\xampp\htdocs\school\exam-2015-suppl\app\controllers\IndexController.php

[INFO] 2024-03-12 21:26:20: serving '/partials/useredit/useredit'
		Uri: http://127.0.0.1/partials/useredit/useredit
		Request-Method: 'GET'
		Controller: 'App\Controllers\PartialsController'
		Controller-Method: 'useredit'
		File: file:///C:\xampp\htdocs\school\exam-2015-suppl\app\controllers\PartialsController.php

[INFO] 2024-03-12 21:26:25: serving '/useredit'
		Uri: http://127.0.0.1/useredit
		Request-Method: 'GET'
		Controller: 'App\Controllers\IndexController'
		Controller-Method: 'useredit_get'
		File: file:///C:\xampp\htdocs\school\exam-2015-suppl\app\controllers\IndexController.php

[INFO] 2024-03-12 21:26:35: serving '/useredit'
		Uri: http://127.0.0.1/useredit
		Request-Method: 'GET'
		Controller: 'App\Controllers\IndexController'
		Controller-Method: 'useredit_get'
		File: file:///C:\xampp\htdocs\school\exam-2015-suppl\app\controllers\IndexController.php

[INFO] 2024-03-12 21:26:35: serving '/partials/useredit/useredit'
		Uri: http://127.0.0.1/partials/useredit/useredit
		Request-Method: 'GET'
		Controller: 'App\Controllers\PartialsController'
		Controller-Method: 'useredit'
		File: file:///C:\xampp\htdocs\school\exam-2015-suppl\app\controllers\PartialsController.php

[INFO] 2024-03-12 21:26:49: serving '/useredit'
		Uri: http://127.0.0.1/useredit
		Request-Method: 'GET'
		Controller: 'App\Controllers\IndexController'
		Controller-Method: 'useredit_get'
		File: file:///C:\xampp\htdocs\school\exam-2015-suppl\app\controllers\IndexController.php

[INFO] 2024-03-12 21:26:49: serving '/partials/useredit/useredit'
		Uri: http://127.0.0.1/partials/useredit/useredit
		Request-Method: 'GET'
		Controller: 'App\Controllers\PartialsController'
		Controller-Method: 'useredit'
		File: file:///C:\xampp\htdocs\school\exam-2015-suppl\app\controllers\PartialsController.php

[INFO] 2024-03-12 21:26:50: serving '/partials/useredit/upgradetoadmin'
		Uri: http://127.0.0.1/partials/useredit/upgradetoadmin
		Request-Method: 'GET'
		Controller: 'App\Controllers\PartialsController'
		Controller-Method: 'useredit_upgradetoadmin'
		File: file:///C:\xampp\htdocs\school\exam-2015-suppl\app\controllers\PartialsController.php
[ERROR] 2024-03-12 21:26:50: Exception: trying to render file C:\xampp\htdocs\school\exam-2015-suppl\app\views\pages/useredit/partials/upgradetoadmin.php that doesn't exist in C:\xampp\htdocs\school\exam-2015-suppl\lib\systems\views\View.php:28
Stack trace:
#0 C:\xampp\htdocs\school\exam-2015-suppl\lib\common.php(15): Lib\Systems\Views\View->render()
#1 C:\xampp\htdocs\school\exam-2015-suppl\app\controllers\PartialsController.php(28): view('pages/useredit/...')
#2 C:\xampp\htdocs\school\exam-2015-suppl\index.php(93): App\Controllers\PartialsController->useredit_upgradetoadmin(Array)
#3 {main}

[INFO] 2024-03-12 21:27:27: serving '/useredit'
		Uri: http://127.0.0.1/useredit
		Request-Method: 'GET'
		Controller: 'App\Controllers\IndexController'
		Controller-Method: 'useredit_get'
		File: file:///C:\xampp\htdocs\school\exam-2015-suppl\app\controllers\IndexController.php

[INFO] 2024-03-12 21:27:28: serving '/partials/useredit/useredit'
		Uri: http://127.0.0.1/partials/useredit/useredit
		Request-Method: 'GET'
		Controller: 'App\Controllers\PartialsController'
		Controller-Method: 'useredit'
		File: file:///C:\xampp\htdocs\school\exam-2015-suppl\app\controllers\PartialsController.php

[INFO] 2024-03-12 21:27:28: serving '/partials/useredit/upgradetoadmin'
		Uri: http://127.0.0.1/partials/useredit/upgradetoadmin
		Request-Method: 'GET'
		Controller: 'App\Controllers\PartialsController'
		Controller-Method: 'useredit_upgradetoadmin'
		File: file:///C:\xampp\htdocs\school\exam-2015-suppl\app\controllers\PartialsController.php

[INFO] 2024-03-12 21:33:31: serving '/partials/useredit/upgradetoadmin'
		Uri: http://127.0.0.1/partials/useredit/upgradetoadmin
		Request-Method: 'GET'
		Controller: 'App\Controllers\PartialsController'
		Controller-Method: 'useredit_upgradetoadmin'
		File: file:///C:\xampp\htdocs\school\exam-2015-suppl\app\controllers\PartialsController.php

[INFO] 2024-03-12 21:33:43: serving '/useredit'
		Uri: http://127.0.0.1/useredit
		Request-Method: 'GET'
		Controller: 'App\Controllers\IndexController'
		Controller-Method: 'useredit_get'
		File: file:///C:\xampp\htdocs\school\exam-2015-suppl\app\controllers\IndexController.php

[INFO] 2024-03-12 21:33:44: serving '/partials/useredit/useredit'
		Uri: http://127.0.0.1/partials/useredit/useredit
		Request-Method: 'GET'
		Controller: 'App\Controllers\PartialsController'
		Controller-Method: 'useredit'
		File: file:///C:\xampp\htdocs\school\exam-2015-suppl\app\controllers\PartialsController.php

[INFO] 2024-03-12 21:33:45: serving '/partials/useredit/upgradetoadmin'
		Uri: http://127.0.0.1/partials/useredit/upgradetoadmin
		Request-Method: 'GET'
		Controller: 'App\Controllers\PartialsController'
		Controller-Method: 'useredit_upgradetoadmin'
		File: file:///C:\xampp\htdocs\school\exam-2015-suppl\app\controllers\PartialsController.php

[INFO] 2024-03-12 21:33:53: serving '/partials/useredit/upgradetoadmin'
		Uri: http://127.0.0.1/partials/useredit/upgradetoadmin
		Request-Method: 'GET'
		Controller: 'App\Controllers\PartialsController'
		Controller-Method: 'useredit_upgradetoadmin'
		File: file:///C:\xampp\htdocs\school\exam-2015-suppl\app\controllers\PartialsController.php

[INFO] 2024-03-12 21:38:22: serving '/partials/useredit/upgradetoadmin'
		Uri: http://127.0.0.1/partials/useredit/upgradetoadmin
		Request-Method: 'GET'
		Controller: 'App\Controllers\PartialsController'
		Controller-Method: 'useredit_upgradetoadmin'
		File: file:///C:\xampp\htdocs\school\exam-2015-suppl\app\controllers\PartialsController.php

[INFO] 2024-03-12 21:45:09: serving '/partials/useredit/upgradetoadmin'
		Uri: http://127.0.0.1/partials/useredit/upgradetoadmin
		Request-Method: 'GET'
		Controller: 'App\Controllers\PartialsController'
		Controller-Method: 'useredit_upgradetoadmin'
		File: file:///C:\xampp\htdocs\school\exam-2015-suppl\app\controllers\PartialsController.php

[INFO] 2024-03-12 21:45:14: serving '/addcentre'
		Uri: http://127.0.0.1/addcentre
		Request-Method: 'POST'
		Controller: 'App\Controllers\CentreController'
		Controller-Method: 'add'
		File: file:///C:\xampp\htdocs\school\exam-2015-suppl\app\controllers\CentreController.php
		Post-Params-Count 5
[DEBUG] 2024-03-12 21:45:14: Array
(
    [centre-name] => asd
    [centre-address] => asd
    [centre-city] => 
    [centre-zip] => 
    [centre-phone] => 
)


[INFO] 2024-03-12 21:45:14: serving '/addcentre'
		Uri: http://127.0.0.1/addcentre
		Request-Method: 'POST'
		Controller: 'App\Controllers\CentreController'
		Controller-Method: 'add'
		File: file:///C:\xampp\htdocs\school\exam-2015-suppl\app\controllers\CentreController.php
		Post-Params-Count 5
[DEBUG] 2024-03-12 21:45:14: Array
(
    [centre-name] => asd
    [centre-address] => asd
    [centre-city] => 
    [centre-zip] => 
    [centre-phone] => 
)


[INFO] 2024-03-12 21:45:15: serving '/addcentre'
		Uri: http://127.0.0.1/addcentre
		Request-Method: 'POST'
		Controller: 'App\Controllers\CentreController'
		Controller-Method: 'add'
		File: file:///C:\xampp\htdocs\school\exam-2015-suppl\app\controllers\CentreController.php
		Post-Params-Count 5
[DEBUG] 2024-03-12 21:45:15: Array
(
    [centre-name] => asd
    [centre-address] => asd
    [centre-city] => 
    [centre-zip] => 
    [centre-phone] => 
)


[INFO] 2024-03-12 21:46:24: serving '/partials/useredit/upgradetoadmin'
		Uri: http://127.0.0.1/partials/useredit/upgradetoadmin
		Request-Method: 'GET'
		Controller: 'App\Controllers\PartialsController'
		Controller-Method: 'useredit_upgradetoadmin'
		File: file:///C:\xampp\htdocs\school\exam-2015-suppl\app\controllers\PartialsController.php

[INFO] 2024-03-12 21:46:46: serving '/useredit'
		Uri: http://127.0.0.1/useredit
		Request-Method: 'GET'
		Controller: 'App\Controllers\IndexController'
		Controller-Method: 'useredit_get'
		File: file:///C:\xampp\htdocs\school\exam-2015-suppl\app\controllers\IndexController.php

[INFO] 2024-03-12 21:46:46: serving '/partials/useredit/useredit'
		Uri: http://127.0.0.1/partials/useredit/useredit
		Request-Method: 'GET'
		Controller: 'App\Controllers\PartialsController'
		Controller-Method: 'useredit'
		File: file:///C:\xampp\htdocs\school\exam-2015-suppl\app\controllers\PartialsController.php

[INFO] 2024-03-12 21:46:47: serving '/partials/useredit/upgradetoadmin'
		Uri: http://127.0.0.1/partials/useredit/upgradetoadmin
		Request-Method: 'GET'
		Controller: 'App\Controllers\PartialsController'
		Controller-Method: 'useredit_upgradetoadmin'
		File: file:///C:\xampp\htdocs\school\exam-2015-suppl\app\controllers\PartialsController.php

[INFO] 2024-03-12 21:46:59: serving '/partials/useredit/upgradetoadmin'
		Uri: http://127.0.0.1/partials/useredit/upgradetoadmin
		Request-Method: 'GET'
		Controller: 'App\Controllers\PartialsController'
		Controller-Method: 'useredit_upgradetoadmin'
		File: file:///C:\xampp\htdocs\school\exam-2015-suppl\app\controllers\PartialsController.php

[INFO] 2024-03-12 21:58:19: serving '/partials/useredit/upgradetoadmin'
		Uri: http://127.0.0.1/partials/useredit/upgradetoadmin
		Request-Method: 'GET'
		Controller: 'App\Controllers\PartialsController'
		Controller-Method: 'useredit_upgradetoadmin'
		File: file:///C:\xampp\htdocs\school\exam-2015-suppl\app\controllers\PartialsController.php

[INFO] 2024-03-12 21:58:21: serving '/useredit'
		Uri: http://127.0.0.1/useredit
		Request-Method: 'GET'
		Controller: 'App\Controllers\IndexController'
		Controller-Method: 'useredit_get'
		File: file:///C:\xampp\htdocs\school\exam-2015-suppl\app\controllers\IndexController.php

[INFO] 2024-03-12 21:58:21: serving '/partials/useredit/useredit'
		Uri: http://127.0.0.1/partials/useredit/useredit
		Request-Method: 'GET'
		Controller: 'App\Controllers\PartialsController'
		Controller-Method: 'useredit'
		File: file:///C:\xampp\htdocs\school\exam-2015-suppl\app\controllers\PartialsController.php

[INFO] 2024-03-12 21:58:22: serving '/partials/useredit/upgradetoadmin'
		Uri: http://127.0.0.1/partials/useredit/upgradetoadmin
		Request-Method: 'GET'
		Controller: 'App\Controllers\PartialsController'
		Controller-Method: 'useredit_upgradetoadmin'
		File: file:///C:\xampp\htdocs\school\exam-2015-suppl\app\controllers\PartialsController.php

[INFO] 2024-03-12 21:58:42: serving '/addcentre'
		Uri: http://127.0.0.1/addcentre
		Request-Method: 'POST'
		Controller: 'App\Controllers\CentreController'
		Controller-Method: 'add'
		File: file:///C:\xampp\htdocs\school\exam-2015-suppl\app\controllers\CentreController.php
		Post-Params-Count 5

[INFO] 2024-03-12 21:58:44: serving '/addcentre'
		Uri: http://127.0.0.1/addcentre
		Request-Method: 'POST'
		Controller: 'App\Controllers\CentreController'
		Controller-Method: 'add'
		File: file:///C:\xampp\htdocs\school\exam-2015-suppl\app\controllers\CentreController.php
		Post-Params-Count 5

[INFO] 2024-03-12 21:58:49: serving '/addcentre'
		Uri: http://127.0.0.1/addcentre
		Request-Method: 'POST'
		Controller: 'App\Controllers\CentreController'
		Controller-Method: 'add'
		File: file:///C:\xampp\htdocs\school\exam-2015-suppl\app\controllers\CentreController.php
		Post-Params-Count 5

[INFO] 2024-03-12 21:58:50: serving '/addcentre'
		Uri: http://127.0.0.1/addcentre
		Request-Method: 'POST'
		Controller: 'App\Controllers\CentreController'
		Controller-Method: 'add'
		File: file:///C:\xampp\htdocs\school\exam-2015-suppl\app\controllers\CentreController.php
		Post-Params-Count 5

[INFO] 2024-03-12 21:59:36: serving '/useredit'
		Uri: http://127.0.0.1/useredit
		Request-Method: 'GET'
		Controller: 'App\Controllers\IndexController'
		Controller-Method: 'useredit_get'
		File: file:///C:\xampp\htdocs\school\exam-2015-suppl\app\controllers\IndexController.php

[INFO] 2024-03-12 21:59:36: serving '/partials/useredit/useredit'
		Uri: http://127.0.0.1/partials/useredit/useredit
		Request-Method: 'GET'
		Controller: 'App\Controllers\PartialsController'
		Controller-Method: 'useredit'
		File: file:///C:\xampp\htdocs\school\exam-2015-suppl\app\controllers\PartialsController.php

[INFO] 2024-03-12 21:59:38: serving '/partials/useredit/upgradetoadmin'
		Uri: http://127.0.0.1/partials/useredit/upgradetoadmin
		Request-Method: 'GET'
		Controller: 'App\Controllers\PartialsController'
		Controller-Method: 'useredit_upgradetoadmin'
		File: file:///C:\xampp\htdocs\school\exam-2015-suppl\app\controllers\PartialsController.php

[INFO] 2024-03-12 21:59:52: serving '/addcentre'
		Uri: http://127.0.0.1/addcentre
		Request-Method: 'POST'
		Controller: 'App\Controllers\CentreController'
		Controller-Method: 'add'
		File: file:///C:\xampp\htdocs\school\exam-2015-suppl\app\controllers\CentreController.php
		Post-Params-Count 5

[INFO] 2024-03-12 21:59:53: serving '/addcentre'
		Uri: http://127.0.0.1/addcentre
		Request-Method: 'POST'
		Controller: 'App\Controllers\CentreController'
		Controller-Method: 'add'
		File: file:///C:\xampp\htdocs\school\exam-2015-suppl\app\controllers\CentreController.php
		Post-Params-Count 5

[INFO] 2024-03-12 22:00:33: serving '/addcentre'
		Uri: http://127.0.0.1/addcentre
		Request-Method: 'POST'
		Controller: 'App\Controllers\CentreController'
		Controller-Method: 'add'
		File: file:///C:\xampp\htdocs\school\exam-2015-suppl\app\controllers\CentreController.php
		Post-Params-Count 5

[INFO] 2024-03-12 22:00:42: serving '/addcentre'
		Uri: http://127.0.0.1/addcentre
		Request-Method: 'POST'
		Controller: 'App\Controllers\CentreController'
		Controller-Method: 'add'
		File: file:///C:\xampp\htdocs\school\exam-2015-suppl\app\controllers\CentreController.php
		Post-Params-Count 5
[DEBUG] 2024-03-12 22:00:42: meow

[INFO] 2024-03-12 22:00:53: serving '/addcentre'
		Uri: http://127.0.0.1/addcentre
		Request-Method: 'POST'
		Controller: 'App\Controllers\CentreController'
		Controller-Method: 'add'
		File: file:///C:\xampp\htdocs\school\exam-2015-suppl\app\controllers\CentreController.php
		Post-Params-Count 5

[INFO] 2024-03-12 22:01:19: serving '/addcentre'
		Uri: http://127.0.0.1/addcentre
		Request-Method: 'POST'
		Controller: 'App\Controllers\CentreController'
		Controller-Method: 'add'
		File: file:///C:\xampp\htdocs\school\exam-2015-suppl\app\controllers\CentreController.php
		Post-Params-Count 5

[INFO] 2024-03-12 22:02:01: serving '/addcentre'
		Uri: http://127.0.0.1/addcentre
		Request-Method: 'POST'
		Controller: 'App\Controllers\CentreController'
		Controller-Method: 'add'
		File: file:///C:\xampp\htdocs\school\exam-2015-suppl\app\controllers\CentreController.php
		Post-Params-Count 5

[INFO] 2024-03-12 22:04:23: serving '/addcentre'
		Uri: http://127.0.0.1/addcentre
		Request-Method: 'POST'
		Controller: 'App\Controllers\CentreController'
		Controller-Method: 'add'
		File: file:///C:\xampp\htdocs\school\exam-2015-suppl\app\controllers\CentreController.php
		Post-Params-Count 5
[DEBUG] 2024-03-12 22:04:23: Array
(
    [ROL_IdUser] => 2
    [ROL_IdCentre] => 12
    [ROL_Role] => Administrator
)


[INFO] 2024-03-12 22:04:39: serving '/addcentre'
		Uri: http://127.0.0.1/addcentre
		Request-Method: 'POST'
		Controller: 'App\Controllers\CentreController'
		Controller-Method: 'add'
		File: file:///C:\xampp\htdocs\school\exam-2015-suppl\app\controllers\CentreController.php
		Post-Params-Count 5
[DEBUG] 2024-03-12 22:04:39: Array
(
    [ROL_IdUser] => 2
    [ROL_IdCentre] => 13
    [ROL_Role] => Administrator
)


[INFO] 2024-03-12 22:07:10: serving '/addcentre'
		Uri: http://127.0.0.1/addcentre
		Request-Method: 'POST'
		Controller: 'App\Controllers\CentreController'
		Controller-Method: 'add'
		File: file:///C:\xampp\htdocs\school\exam-2015-suppl\app\controllers\CentreController.php
		Post-Params-Count 5
[DEBUG] 2024-03-12 22:07:10: Array
(
    [ROL_IdUser] => 2
    [ROL_IdCentre] => 14
    [ROL_Role] => Administrator
)


[INFO] 2024-03-12 22:07:29: serving '/addcentre'
		Uri: http://127.0.0.1/addcentre
		Request-Method: 'POST'
		Controller: 'App\Controllers\CentreController'
		Controller-Method: 'add'
		File: file:///C:\xampp\htdocs\school\exam-2015-suppl\app\controllers\CentreController.php
		Post-Params-Count 5

[INFO] 2024-03-12 22:09:39: serving '/addcentre'
		Uri: http://127.0.0.1/addcentre
		Request-Method: 'POST'
		Controller: 'App\Controllers\CentreController'
		Controller-Method: 'add'
		File: file:///C:\xampp\htdocs\school\exam-2015-suppl\app\controllers\CentreController.php
		Post-Params-Count 5

[INFO] 2024-03-12 22:09:59: serving '/addcentre'
		Uri: http://127.0.0.1/addcentre
		Request-Method: 'POST'
		Controller: 'App\Controllers\CentreController'
		Controller-Method: 'add'
		File: file:///C:\xampp\htdocs\school\exam-2015-suppl\app\controllers\CentreController.php
		Post-Params-Count 5
[DEBUG] 2024-03-12 22:09:59: INSERT INTO userroles (ROL_IdUser, ROL_IdCentre, ROL_Role) VALUES (2, 17, 'Administrator'

[INFO] 2024-03-12 22:10:12: serving '/addcentre'
		Uri: http://127.0.0.1/addcentre
		Request-Method: 'POST'
		Controller: 'App\Controllers\CentreController'
		Controller-Method: 'add'
		File: file:///C:\xampp\htdocs\school\exam-2015-suppl\app\controllers\CentreController.php
		Post-Params-Count 5
[DEBUG] 2024-03-12 22:10:12: INSERT INTO userroles (ROL_IdUser, ROL_IdCentre, ROL_Role) VALUES (2, 18, 'Administrator')

[INFO] 2024-03-12 22:11:24: serving '/addcentre'
		Uri: http://127.0.0.1/addcentre
		Request-Method: 'POST'
		Controller: 'App\Controllers\CentreController'
		Controller-Method: 'add'
		File: file:///C:\xampp\htdocs\school\exam-2015-suppl\app\controllers\CentreController.php
		Post-Params-Count 5
[INFO] 2024-03-12 22:11:24: created user-role for user 2 as Administrator

[INFO] 2024-03-12 22:12:26: serving '/addcentre'
		Uri: http://127.0.0.1/addcentre
		Request-Method: 'POST'
		Controller: 'App\Controllers\CentreController'
		Controller-Method: 'add'
		File: file:///C:\xampp\htdocs\school\exam-2015-suppl\app\controllers\CentreController.php
		Post-Params-Count 5
[INFO] 2024-03-12 22:12:26: created user-role for user 2 as 'Administrator'

[INFO] 2024-03-12 22:12:28: serving '/useredit'
		Uri: http://127.0.0.1/useredit
		Request-Method: 'GET'
		Controller: 'App\Controllers\IndexController'
		Controller-Method: 'useredit_get'
		File: file:///C:\xampp\htdocs\school\exam-2015-suppl\app\controllers\IndexController.php

[INFO] 2024-03-12 22:12:28: serving '/partials/useredit/useredit'
		Uri: http://127.0.0.1/partials/useredit/useredit
		Request-Method: 'GET'
		Controller: 'App\Controllers\PartialsController'
		Controller-Method: 'useredit'
		File: file:///C:\xampp\htdocs\school\exam-2015-suppl\app\controllers\PartialsController.php

[INFO] 2024-03-12 22:12:30: serving '/partials/useredit/upgradetoadmin'
		Uri: http://127.0.0.1/partials/useredit/upgradetoadmin
		Request-Method: 'GET'
		Controller: 'App\Controllers\PartialsController'
		Controller-Method: 'useredit_upgradetoadmin'
		File: file:///C:\xampp\htdocs\school\exam-2015-suppl\app\controllers\PartialsController.php

[INFO] 2024-03-12 22:12:39: serving '/addcentre'
		Uri: http://127.0.0.1/addcentre
		Request-Method: 'POST'
		Controller: 'App\Controllers\CentreController'
		Controller-Method: 'add'
		File: file:///C:\xampp\htdocs\school\exam-2015-suppl\app\controllers\CentreController.php
		Post-Params-Count 5
[INFO] 2024-03-12 22:12:39: created user-role for user 2 as 'Administrator'

[INFO] 2024-03-12 22:15:00: serving '/addcentre'
		Uri: http://127.0.0.1/addcentre
		Request-Method: 'POST'
		Controller: 'App\Controllers\CentreController'
		Controller-Method: 'add'
		File: file:///C:\xampp\htdocs\school\exam-2015-suppl\app\controllers\CentreController.php
		Post-Params-Count 5
[INFO] 2024-03-12 22:15:00: created user-role for user 2 as 'Administrator'

[INFO] 2024-03-12 22:15:01: serving '/useredit'
		Uri: http://127.0.0.1/useredit
		Request-Method: 'GET'
		Controller: 'App\Controllers\IndexController'
		Controller-Method: 'useredit_get'
		File: file:///C:\xampp\htdocs\school\exam-2015-suppl\app\controllers\IndexController.php

[INFO] 2024-03-12 22:15:01: serving '/partials/useredit/useredit'
		Uri: http://127.0.0.1/partials/useredit/useredit
		Request-Method: 'GET'
		Controller: 'App\Controllers\PartialsController'
		Controller-Method: 'useredit'
		File: file:///C:\xampp\htdocs\school\exam-2015-suppl\app\controllers\PartialsController.php

[INFO] 2024-03-12 22:15:03: serving '/partials/useredit/upgradetoadmin'
		Uri: http://127.0.0.1/partials/useredit/upgradetoadmin
		Request-Method: 'GET'
		Controller: 'App\Controllers\PartialsController'
		Controller-Method: 'useredit_upgradetoadmin'
		File: file:///C:\xampp\htdocs\school\exam-2015-suppl\app\controllers\PartialsController.php

[INFO] 2024-03-12 22:15:13: serving '/addcentre'
		Uri: http://127.0.0.1/addcentre
		Request-Method: 'POST'
		Controller: 'App\Controllers\CentreController'
		Controller-Method: 'add'
		File: file:///C:\xampp\htdocs\school\exam-2015-suppl\app\controllers\CentreController.php
		Post-Params-Count 5

[INFO] 2024-03-12 22:16:07: serving '/useredit'
		Uri: http://127.0.0.1/useredit
		Request-Method: 'GET'
		Controller: 'App\Controllers\IndexController'
		Controller-Method: 'useredit_get'
		File: file:///C:\xampp\htdocs\school\exam-2015-suppl\app\controllers\IndexController.php

[INFO] 2024-03-12 22:16:07: serving '/partials/useredit/useredit'
		Uri: http://127.0.0.1/partials/useredit/useredit
		Request-Method: 'GET'
		Controller: 'App\Controllers\PartialsController'
		Controller-Method: 'useredit'
		File: file:///C:\xampp\htdocs\school\exam-2015-suppl\app\controllers\PartialsController.php

[INFO] 2024-03-12 22:16:10: serving '/partials/useredit/upgradetoadmin'
		Uri: http://127.0.0.1/partials/useredit/upgradetoadmin
		Request-Method: 'GET'
		Controller: 'App\Controllers\PartialsController'
		Controller-Method: 'useredit_upgradetoadmin'
		File: file:///C:\xampp\htdocs\school\exam-2015-suppl\app\controllers\PartialsController.php

[INFO] 2024-03-12 22:16:11: serving '/partials/useredit/upgradetoadmin'
		Uri: http://127.0.0.1/partials/useredit/upgradetoadmin
		Request-Method: 'GET'
		Controller: 'App\Controllers\PartialsController'
		Controller-Method: 'useredit_upgradetoadmin'
		File: file:///C:\xampp\htdocs\school\exam-2015-suppl\app\controllers\PartialsController.php

[INFO] 2024-03-12 22:16:13: serving '/partials/useredit/upgradetoadmin'
		Uri: http://127.0.0.1/partials/useredit/upgradetoadmin
		Request-Method: 'GET'
		Controller: 'App\Controllers\PartialsController'
		Controller-Method: 'useredit_upgradetoadmin'
		File: file:///C:\xampp\htdocs\school\exam-2015-suppl\app\controllers\PartialsController.php

[INFO] 2024-03-12 22:16:19: serving '/addcentre'
		Uri: http://127.0.0.1/addcentre
		Request-Method: 'POST'
		Controller: 'App\Controllers\CentreController'
		Controller-Method: 'add'
		File: file:///C:\xampp\htdocs\school\exam-2015-suppl\app\controllers\CentreController.php
		Post-Params-Count 5

[INFO] 2024-03-12 22:16:22: serving '/addcentre'
		Uri: http://127.0.0.1/addcentre
		Request-Method: 'POST'
		Controller: 'App\Controllers\CentreController'
		Controller-Method: 'add'
		File: file:///C:\xampp\htdocs\school\exam-2015-suppl\app\controllers\CentreController.php
		Post-Params-Count 5

[INFO] 2024-03-12 22:16:28: serving '/addcentre'
		Uri: http://127.0.0.1/addcentre
		Request-Method: 'POST'
		Controller: 'App\Controllers\CentreController'
		Controller-Method: 'add'
		File: file:///C:\xampp\htdocs\school\exam-2015-suppl\app\controllers\CentreController.php
		Post-Params-Count 5

[INFO] 2024-03-12 22:16:44: serving '/addcentre'
		Uri: http://127.0.0.1/addcentre
		Request-Method: 'POST'
		Controller: 'App\Controllers\CentreController'
		Controller-Method: 'add'
		File: file:///C:\xampp\htdocs\school\exam-2015-suppl\app\controllers\CentreController.php
		Post-Params-Count 5

[INFO] 2024-03-12 22:16:45: serving '/addcentre'
		Uri: http://127.0.0.1/addcentre
		Request-Method: 'POST'
		Controller: 'App\Controllers\CentreController'
		Controller-Method: 'add'
		File: file:///C:\xampp\htdocs\school\exam-2015-suppl\app\controllers\CentreController.php
		Post-Params-Count 5

[INFO] 2024-03-12 22:16:46: serving '/addcentre'
		Uri: http://127.0.0.1/addcentre
		Request-Method: 'POST'
		Controller: 'App\Controllers\CentreController'
		Controller-Method: 'add'
		File: file:///C:\xampp\htdocs\school\exam-2015-suppl\app\controllers\CentreController.php
		Post-Params-Count 5
[INFO] 2024-03-12 22:16:47: created user-role for user 2 as 'Administrator'

[ERROR] 2024-03-12 22:22:06: 404 - Not Found
		Request: /addcentre
		Uri: http://127.0.0.1/addcentre
		Post-Params-Count 5

[INFO] 2024-03-12 22:22:37: serving '/useredit'
		Uri: http://127.0.0.1/useredit
		Request-Method: 'GET'
		Controller: 'App\Controllers\IndexController'
		Controller-Method: 'useredit_get'
		File: file:///C:\xampp\htdocs\school\exam-2015-suppl\app\controllers\IndexController.php

[INFO] 2024-03-12 22:22:37: serving '/partials/useredit/useredit'
		Uri: http://127.0.0.1/partials/useredit/useredit
		Request-Method: 'GET'
		Controller: 'App\Controllers\PartialsController'
		Controller-Method: 'useredit'
		File: file:///C:\xampp\htdocs\school\exam-2015-suppl\app\controllers\PartialsController.php

[INFO] 2024-03-12 22:22:38: serving '/partials/useredit/upgradetoadmin'
		Uri: http://127.0.0.1/partials/useredit/upgradetoadmin
		Request-Method: 'GET'
		Controller: 'App\Controllers\PartialsController'
		Controller-Method: 'useredit_upgradetoadmin'
		File: file:///C:\xampp\htdocs\school\exam-2015-suppl\app\controllers\PartialsController.php

[INFO] 2024-03-12 22:23:29: serving '/centre/add'
		Uri: http://127.0.0.1/centre/add
		Request-Method: 'POST'
		Controller: 'App\Controllers\CentreController'
		Controller-Method: 'add'
		File: file:///C:\xampp\htdocs\school\exam-2015-suppl\app\controllers\CentreController.php
		Post-Params-Count 5
[INFO] 2024-03-12 22:23:29: created user-role for user 2 as 'Administrator'
[DEBUG] 2024-03-12 22:23:29: redirect
		Header: 'HX-Redirect:'
		Url: 'http://127.0.0.1//centre/dashboard?centre-id=24'

[INFO] 2024-03-12 22:23:29: serving '//centre/dashboard?centre-id=24'
		Uri: http://127.0.0.1//centre/dashboard?centre-id=24
		Request-Method: 'GET'
		Controller: 'App\Controllers\IndexController'
		Controller-Method: 'dashboard'
		File: file:///C:\xampp\htdocs\school\exam-2015-suppl\app\controllers\IndexController.php
		Get-Params-Count 1

[INFO] 2024-03-12 22:23:58: serving '//centre/dashboard?centre-id=24'
		Uri: http://127.0.0.1//centre/dashboard?centre-id=24
		Request-Method: 'GET'
		Controller: 'App\Controllers\IndexController'
		Controller-Method: 'dashboard'
		File: file:///C:\xampp\htdocs\school\exam-2015-suppl\app\controllers\IndexController.php
		Get-Params-Count 1

[INFO] 2024-03-12 22:24:01: serving '/centre/dashboard?centre-id=24'
		Uri: http://127.0.0.1/centre/dashboard?centre-id=24
		Request-Method: 'GET'
		Controller: 'App\Controllers\CentreController'
		Controller-Method: 'dashboard'
		File: file:///C:\xampp\htdocs\school\exam-2015-suppl\app\controllers\CentreController.php
		Get-Params-Count 1

[INFO] 2024-03-12 22:27:20: serving '/'
		Uri: http://127.0.0.1/
		Request-Method: 'GET'
		Controller: 'App\Controllers\IndexController'
		Controller-Method: 'index'
		File: file:///C:\xampp\htdocs\school\exam-2015-suppl\app\controllers\IndexController.php
[DEBUG] 2024-03-12 22:27:20: redirect
		Header: 'Location:'
		Url: '/dashboard'

[INFO] 2024-03-12 22:27:20: serving '/dashboard'
		Uri: http://127.0.0.1/dashboard
		Request-Method: 'GET'
		Controller: 'App\Controllers\IndexController'
		Controller-Method: 'dashboard'
		File: file:///C:\xampp\htdocs\school\exam-2015-suppl\app\controllers\IndexController.php

[INFO] 2024-03-12 22:27:31: serving '/auth?login'
		Uri: http://127.0.0.1/auth?login
		Request-Method: 'GET'
		Controller: 'App\Controllers\IndexController'
		Controller-Method: 'auth'
		File: file:///C:\xampp\htdocs\school\exam-2015-suppl\app\controllers\IndexController.php
		Get-Params-Count 1

[INFO] 2024-03-12 22:28:21: serving '/'
		Uri: http://127.0.0.1/
		Request-Method: 'GET'
		Controller: 'App\Controllers\IndexController'
		Controller-Method: 'index'
		File: file:///C:\xampp\htdocs\school\exam-2015-suppl\app\controllers\IndexController.php
[DEBUG] 2024-03-12 22:28:21: Array
(
    [__flash_vars__] => Array
        (
        )

    [user-role] => Unset
    [user-id] => 2
    [user-id-admin] => 8
)

[12-Mar-2024 22:28:21 Europe/Berlin] PHP Notice:  session_start(): Ignoring session_start() because a session is already active in C:\xampp\htdocs\school\exam-2015-suppl\lib\SessionHandler.php on line 11
[DEBUG] 2024-03-12 22:28:21: redirect
		Header: 'Location:'
		Url: '/dashboard'

[INFO] 2024-03-12 22:28:21: serving '/dashboard'
		Uri: http://127.0.0.1/dashboard
		Request-Method: 'GET'
		Controller: 'App\Controllers\IndexController'
		Controller-Method: 'dashboard'
		File: file:///C:\xampp\htdocs\school\exam-2015-suppl\app\controllers\IndexController.php

[INFO] 2024-03-12 22:28:36: serving '/'
		Uri: http://127.0.0.1/
		Request-Method: 'GET'
		Controller: 'App\Controllers\IndexController'
		Controller-Method: 'index'
		File: file:///C:\xampp\htdocs\school\exam-2015-suppl\app\controllers\IndexController.php
[DEBUG] 2024-03-12 22:28:36: Array
(
    [__flash_vars__] => Array
        (
        )

    [user-role] => Unset
    [user-id] => 2
    [user-id-admin] => 8
)

[12-Mar-2024 22:28:36 Europe/Berlin] PHP Notice:  session_start(): Ignoring session_start() because a session is already active in C:\xampp\htdocs\school\exam-2015-suppl\lib\SessionHandler.php on line 11
[DEBUG] 2024-03-12 22:28:36: redirect
		Header: 'Location:'
		Url: '/dashboard'

[INFO] 2024-03-12 22:28:36: serving '/dashboard'
		Uri: http://127.0.0.1/dashboard
		Request-Method: 'GET'
		Controller: 'App\Controllers\IndexController'
		Controller-Method: 'dashboard'
		File: file:///C:\xampp\htdocs\school\exam-2015-suppl\app\controllers\IndexController.php

[INFO] 2024-03-12 22:29:27: serving '/'
		Uri: http://127.0.0.1/
		Request-Method: 'GET'
		Controller: 'App\Controllers\IndexController'
		Controller-Method: 'index'
		File: file:///C:\xampp\htdocs\school\exam-2015-suppl\app\controllers\IndexController.php
[DEBUG] 2024-03-12 22:29:27: redirect
		Header: 'Location:'
		Url: '/dashboard'

[INFO] 2024-03-12 22:29:27: serving '/dashboard'
		Uri: http://127.0.0.1/dashboard
		Request-Method: 'GET'
		Controller: 'App\Controllers\IndexController'
		Controller-Method: 'dashboard'
		File: file:///C:\xampp\htdocs\school\exam-2015-suppl\app\controllers\IndexController.php

[INFO] 2024-03-12 22:29:37: serving '/useredit'
		Uri: http://127.0.0.1/useredit
		Request-Method: 'GET'
		Controller: 'App\Controllers\IndexController'
		Controller-Method: 'useredit_get'
		File: file:///C:\xampp\htdocs\school\exam-2015-suppl\app\controllers\IndexController.php

[INFO] 2024-03-12 22:29:38: serving '/partials/useredit/useredit'
		Uri: http://127.0.0.1/partials/useredit/useredit
		Request-Method: 'GET'
		Controller: 'App\Controllers\PartialsController'
		Controller-Method: 'useredit'
		File: file:///C:\xampp\htdocs\school\exam-2015-suppl\app\controllers\PartialsController.php

[INFO] 2024-03-12 22:30:42: serving '/useredit'
		Uri: http://127.0.0.1/useredit
		Request-Method: 'GET'
		Controller: 'App\Controllers\IndexController'
		Controller-Method: 'useredit_get'
		File: file:///C:\xampp\htdocs\school\exam-2015-suppl\app\controllers\IndexController.php

[INFO] 2024-03-12 22:30:43: serving '/partials/useredit/useredit'
		Uri: http://127.0.0.1/partials/useredit/useredit
		Request-Method: 'GET'
		Controller: 'App\Controllers\PartialsController'
		Controller-Method: 'useredit'
		File: file:///C:\xampp\htdocs\school\exam-2015-suppl\app\controllers\PartialsController.php

[INFO] 2024-03-12 22:31:06: serving '/useredit'
		Uri: http://127.0.0.1/useredit
		Request-Method: 'GET'
		Controller: 'App\Controllers\IndexController'
		Controller-Method: 'useredit_get'
		File: file:///C:\xampp\htdocs\school\exam-2015-suppl\app\controllers\IndexController.php
[DEBUG] 2024-03-12 22:31:06: Administrator

[INFO] 2024-03-12 22:31:07: serving '/partials/useredit/useredit'
		Uri: http://127.0.0.1/partials/useredit/useredit
		Request-Method: 'GET'
		Controller: 'App\Controllers\PartialsController'
		Controller-Method: 'useredit'
		File: file:///C:\xampp\htdocs\school\exam-2015-suppl\app\controllers\PartialsController.php

[INFO] 2024-03-12 22:31:22: serving '/useredit'
		Uri: http://127.0.0.1/useredit
		Request-Method: 'GET'
		Controller: 'App\Controllers\IndexController'
		Controller-Method: 'useredit_get'
		File: file:///C:\xampp\htdocs\school\exam-2015-suppl\app\controllers\IndexController.php

[INFO] 2024-03-12 22:31:23: serving '/partials/useredit/useredit'
		Uri: http://127.0.0.1/partials/useredit/useredit
		Request-Method: 'GET'
		Controller: 'App\Controllers\PartialsController'
		Controller-Method: 'useredit'
		File: file:///C:\xampp\htdocs\school\exam-2015-suppl\app\controllers\PartialsController.php

[INFO] 2024-03-12 22:31:26: serving '/dashboard'
		Uri: http://127.0.0.1/dashboard
		Request-Method: 'GET'
		Controller: 'App\Controllers\IndexController'
		Controller-Method: 'dashboard'
		File: file:///C:\xampp\htdocs\school\exam-2015-suppl\app\controllers\IndexController.php
